app/build/outputs/logs/manifest-merger-debug-report.txt
-- Merging decision tree log ---
manifest
ADDED from src\main\AndroidManifest.xml:2:1-213:12
INJECTED from src\main\AndroidManifest.xml:2:1-213:12
INJECTED from src\main\AndroidManifest.xml:2:1-213:12
INJECTED from src\main\AndroidManifest.xml:2:1-213:12
INJECTED from src\main\AndroidManifest.xml:2:1-213:12
INJECTED from src\main\AndroidManifest.xml:2:1-213:12
INJECTED from src\main\AndroidManifest.xml:2:1-213:12
	package
		ADDED from src\main\AndroidManifest.xml:3:5-37
		INJECTED from src\main\AndroidManifest.xml
		INJECTED from src\main\AndroidManifest.xml
	android:versionName
		ADDED from src\main\AndroidManifest.xml:5:5-30
		INJECTED from src\main\AndroidManifest.xml
		INJECTED from src\main\AndroidManifest.xml
	xmlns:android
		ADDED from src\main\AndroidManifest.xml:2:11-69
	android:versionCode
		ADDED from src\main\AndroidManifest.xml:4:5-28
		INJECTED from src\main\AndroidManifest.xml
		INJECTED from src\main\AndroidManifest.xml
uses-permission#android.permission.CALL_PHONE
ADDED from src\main\AndroidManifest.xml:7:5-69
	android:name
		ADDED from src\main\AndroidManifest.xml:7:22-66
uses-permission#android.permission.SEND_SMS
ADDED from src\main\AndroidManifest.xml:9:5-67
	android:name
		ADDED from src\main\AndroidManifest.xml:9:22-64
uses-permission#android.permission.INTERNET
ADDED from src\main\AndroidManifest.xml:11:5-67
	android:name
		ADDED from src\main\AndroidManifest.xml:11:22-64
uses-permission#android.permission.CAMERA
ADDED from src\main\AndroidManifest.xml:13:5-65
	android:name
		ADDED from src\main\AndroidManifest.xml:13:22-62
uses-permission#android.permission.VIBRATE
ADDED from src\main\AndroidManifest.xml:14:5-66
	android:name
		ADDED from src\main\AndroidManifest.xml:14:22-63
uses-feature#android.hardware.camera
ADDED from src\main\AndroidManifest.xml:15:5-60
	android:name
		ADDED from src\main\AndroidManifest.xml:15:19-57
uses-feature#android.hardware.camera.autofocus
ADDED from src\main\AndroidManifest.xml:16:5-70
	android:name
		ADDED from src\main\AndroidManifest.xml:16:19-67
uses-permission#android.permission.WRITE_EXTERNAL_STORAGE
ADDED from src\main\AndroidManifest.xml:19:5-81
	android:name
		ADDED from src\main\AndroidManifest.xml:19:22-78
uses-permission#android.permission.ACCESS_COARSE_LOCATION
ADDED from src\main\AndroidManifest.xml:21:5-22:23
	android:name
		ADDED from src\main\AndroidManifest.xml:21:22-78
uses-permission#android.permission.ACCESS_FINE_LOCATION
ADDED from src\main\AndroidManifest.xml:23:5-24:23
	android:name
		ADDED from src\main\AndroidManifest.xml:23:22-76
uses-permission#android.permission.ACCESS_WIFI_STATE
ADDED from src\main\AndroidManifest.xml:25:5-26:23
	android:name
		ADDED from src\main\AndroidManifest.xml:25:22-73
uses-permission#android.permission.ACCESS_NETWORK_STATE
ADDED from src\main\AndroidManifest.xml:27:5-28:23
	android:name
		ADDED from src\main\AndroidManifest.xml:27:22-76
uses-permission#android.permission.CHANGE_WIFI_STATE
ADDED from src\main\AndroidManifest.xml:29:5-30:23
	android:name
		ADDED from src\main\AndroidManifest.xml:29:22-73
uses-permission#android.permission.CHANGE_NETWORK_STATE
ADDED from src\main\AndroidManifest.xml:31:6-80
	android:name
		ADDED from src\main\AndroidManifest.xml:31:23-77
uses-permission#android.permission.READ_PHONE_STATE
ADDED from src\main\AndroidManifest.xml:32:5-33:23
	android:name
		ADDED from src\main\AndroidManifest.xml:32:22-72
uses-permission#android.permission.WAKE_LOCK
ADDED from src\main\AndroidManifest.xml:36:5-68
	android:name
		ADDED from src\main\AndroidManifest.xml:36:22-65
uses-permission#android.permission.READ_CALL_LOG
ADDED from src\main\AndroidManifest.xml:37:5-72
	android:name
		ADDED from src\main\AndroidManifest.xml:37:22-69
uses-permission#android.permission.READ_CONTACTS
ADDED from src\main\AndroidManifest.xml:38:5-72
	android:name
		ADDED from src\main\AndroidManifest.xml:38:22-69
uses-permission#android.permission.READ_EXTERNAL_STORAGE
ADDED from src\main\AndroidManifest.xml:39:1-75
	android:name
		ADDED from src\main\AndroidManifest.xml:39:18-73
uses-permission#android.permission.MODIFY_AUDIO_SETTINGS
ADDED from src\main\AndroidManifest.xml:40:5-79
	android:name
		ADDED from src\main\AndroidManifest.xml:40:22-77
uses-permission#android.permission.RECORD_AUDIO
ADDED from src\main\AndroidManifest.xml:41:5-71
	android:name
		ADDED from src\main\AndroidManifest.xml:41:22-68
application
ADDED from src\main\AndroidManifest.xml:42:5-211:19
	android:label
		ADDED from src\main\AndroidManifest.xml:46:9-41
	android:largeHeap
		ADDED from src\main\AndroidManifest.xml:48:9-33
	android:icon
		ADDED from src\main\AndroidManifest.xml:45:9-39
	android:allowBackup
		ADDED from src\main\AndroidManifest.xml:44:9-35
	android:theme
		ADDED from src\main\AndroidManifest.xml:47:9-40
	android:name
		ADDED from src\main\AndroidManifest.xml:43:8-29
activity#loginOrRegister.Main
ADDED from src\main\AndroidManifest.xml:49:9-56:20
	android:label
		ADDED from src\main\AndroidManifest.xml:51:13-45
	android:name
		ADDED from src\main\AndroidManifest.xml:50:13-48
intent-filter#action:name:android.intent.action.MAIN+category:name:android.intent.category.LAUNCHER
ADDED from src\main\AndroidManifest.xml:52:13-55:29
action#android.intent.action.MAIN
ADDED from src\main\AndroidManifest.xml:53:17-69
	android:name
		ADDED from src\main\AndroidManifest.xml:53:25-66
category#android.intent.category.LAUNCHER
ADDED from src\main\AndroidManifest.xml:54:17-77
	android:name
		ADDED from src\main\AndroidManifest.xml:54:27-74
activity#start.ThirdStartActivity
ADDED from src\main\AndroidManifest.xml:57:9-58:20
	android:name
		ADDED from src\main\AndroidManifest.xml:57:19-58
activity#start.FirstStartActivity
ADDED from src\main\AndroidManifest.xml:59:9-60:20
	android:name
		ADDED from src\main\AndroidManifest.xml:59:19-58
activity#start.SecondStartActivity
ADDED from src\main\AndroidManifest.xml:61:9-62:20
	android:name
		ADDED from src\main\AndroidManifest.xml:61:19-59
activity#start.LastStartActivity
ADDED from src\main\AndroidManifest.xml:63:9-64:20
	android:name
		ADDED from src\main\AndroidManifest.xml:63:19-57
activity#start.LiCaiKnowledge
ADDED from src\main\AndroidManifest.xml:65:9-66:20
	android:name
		ADDED from src\main\AndroidManifest.xml:65:19-54
activity#com.example.jiacaitong.MainActivity
ADDED from src\main\AndroidManifest.xml:67:9-68:20
	android:name
		ADDED from src\main\AndroidManifest.xml:67:19-69
activity#start.StartMain
ADDED from src\main\AndroidManifest.xml:69:9-70:20
	android:name
		ADDED from src\main\AndroidManifest.xml:69:19-49
activity#work.basic
ADDED from src\main\AndroidManifest.xml:71:9-72:20
	android:name
		ADDED from src\main\AndroidManifest.xml:71:19-44
activity#work.shouye
ADDED from src\main\AndroidManifest.xml:73:9-74:20
	android:name
		ADDED from src\main\AndroidManifest.xml:73:19-45
activity#work.mine
ADDED from src\main\AndroidManifest.xml:75:9-76:20
	android:name
		ADDED from src\main\AndroidManifest.xml:75:19-43
activity#work.life
ADDED from src\main\AndroidManifest.xml:77:9-78:20
	android:name
		ADDED from src\main\AndroidManifest.xml:77:19-43
activity#work.JinRong
ADDED from src\main\AndroidManifest.xml:79:10-80:20
	android:name
		ADDED from src\main\AndroidManifest.xml:79:20-47
activity#shouye.AddIncomeorPay
ADDED from src\main\AndroidManifest.xml:81:9-82:20
	android:name
		ADDED from src\main\AndroidManifest.xml:81:19-55
activity#shouye.MenuSafeGuard
ADDED from src\main\AndroidManifest.xml:83:9-84:20
	android:name
		ADDED from src\main\AndroidManifest.xml:83:19-54
activity#shouye.YingShouYingFu
ADDED from src\main\AndroidManifest.xml:85:9-86:20
	android:name
		ADDED from src\main\AndroidManifest.xml:85:19-55
activity#shouye.SystemSet
ADDED from src\main\AndroidManifest.xml:87:9-88:20
	android:name
		ADDED from src\main\AndroidManifest.xml:87:19-50
activity#shouye.YingShouYingFuList
ADDED from src\main\AndroidManifest.xml:89:9-90:20
	android:name
		ADDED from src\main\AndroidManifest.xml:89:19-59
activity#shouye.Count
ADDED from src\main\AndroidManifest.xml:91:9-92:20
	android:name
		ADDED from src\main\AndroidManifest.xml:91:19-46
activity#shouye.Data
ADDED from src\main\AndroidManifest.xml:93:9-94:20
	android:name
		ADDED from src\main\AndroidManifest.xml:93:19-45
activity#shouye.GraphContainer
ADDED from src\main\AndroidManifest.xml:95:9-96:20
	android:name
		ADDED from src\main\AndroidManifest.xml:95:19-55
activity#shouye.ShowPredictData
ADDED from src\main\AndroidManifest.xml:97:9-98:20
	android:name
		ADDED from src\main\AndroidManifest.xml:97:19-56
activity#shouye.GuDingCount
ADDED from src\main\AndroidManifest.xml:99:11-100:20
	android:name
		ADDED from src\main\AndroidManifest.xml:99:21-54
activity#shouye.Help
ADDED from src\main\AndroidManifest.xml:101:9-104:20
	android:theme
		ADDED from src\main\AndroidManifest.xml:103:13-49
	android:name
		ADDED from src\main\AndroidManifest.xml:102:13-39
activity#shouye.ManageNote
ADDED from src\main\AndroidManifest.xml:105:9-106:20
	android:name
		ADDED from src\main\AndroidManifest.xml:105:19-51
activity#shouye.MyIncome
ADDED from src\main\AndroidManifest.xml:107:9-108:20
	android:name
		ADDED from src\main\AndroidManifest.xml:107:19-49
activity#shouye.MyPay
ADDED from src\main\AndroidManifest.xml:109:9-110:20
	android:name
		ADDED from src\main\AndroidManifest.xml:109:19-46
activity#shouye.AddNote
ADDED from src\main\AndroidManifest.xml:111:9-112:20
	android:name
		ADDED from src\main\AndroidManifest.xml:111:19-48
activity#shouye.DataHorizontal
ADDED from src\main\AndroidManifest.xml:113:9-114:20
	android:name
		ADDED from src\main\AndroidManifest.xml:113:19-55
activity#shouye.Graph
ADDED from src\main\AndroidManifest.xml:115:9-116:20
	android:name
		ADDED from src\main\AndroidManifest.xml:115:19-46
activity#shouye.IncomePayLock
ADDED from src\main\AndroidManifest.xml:117:9-118:20
	android:name
		ADDED from src\main\AndroidManifest.xml:117:19-54
activity#shouye.ShouFuHeXiao
ADDED from src\main\AndroidManifest.xml:119:9-120:20
	android:name
		ADDED from src\main\AndroidManifest.xml:119:19-53
activity#shouye.JieZhangClassCheck
ADDED from src\main\AndroidManifest.xml:121:9-122:20
	android:name
		ADDED from src\main\AndroidManifest.xml:121:19-59
activity#shouye.Sheet
ADDED from src\main\AndroidManifest.xml:123:9-124:20
	android:name
		ADDED from src\main\AndroidManifest.xml:123:19-46
activity#mine.MyInfo
ADDED from src\main\AndroidManifest.xml:125:9-126:20
	android:name
		ADDED from src\main\AndroidManifest.xml:125:19-45
activity#mine.PictureList
ADDED from src\main\AndroidManifest.xml:127:9-128:20
	android:name
		ADDED from src\main\AndroidManifest.xml:127:19-50
activity#mine.MySet
ADDED from src\main\AndroidManifest.xml:129:9-130:20
	android:name
		ADDED from src\main\AndroidManifest.xml:129:19-44
activity#copyshouye.CopyShouYeActivity
ADDED from src\main\AndroidManifest.xml:131:9-132:20
	android:name
		ADDED from src\main\AndroidManifest.xml:131:19-63
activity#copyshouye.copyshouye
ADDED from src\main\AndroidManifest.xml:133:9-134:20
	android:name
		ADDED from src\main\AndroidManifest.xml:133:19-55
activity#copyshouye.ActivityViewGroup
ADDED from src\main\AndroidManifest.xml:135:9-136:20
	android:name
		ADDED from src\main\AndroidManifest.xml:135:19-62
activity#copyshouye.MoreApply
ADDED from src\main\AndroidManifest.xml:137:9-138:20
	android:name
		ADDED from src\main\AndroidManifest.xml:137:19-54
activity#copyshouye.ShowAdDataActivity
ADDED from src\main\AndroidManifest.xml:139:9-140:20
	android:name
		ADDED from src\main\AndroidManifest.xml:139:19-63
activity#dingWei.DingWei
ADDED from src\main\AndroidManifest.xml:141:9-142:20
	android:name
		ADDED from src\main\AndroidManifest.xml:141:19-49
activity#festival.FestivalHttpActivity
ADDED from src\main\AndroidManifest.xml:143:9-144:20
	android:name
		ADDED from src\main\AndroidManifest.xml:143:19-63
activity#usercenter.UserCenter
ADDED from src\main\AndroidManifest.xml:145:9-146:20
	android:name
		ADDED from src\main\AndroidManifest.xml:145:19-55
activity#usercenter.UserShouZhi
ADDED from src\main\AndroidManifest.xml:147:9-148:20
	android:name
		ADDED from src\main\AndroidManifest.xml:147:19-56
activity#usercenter.UserAddShouZhiCode
ADDED from src\main\AndroidManifest.xml:149:9-150:20
	android:name
		ADDED from src\main\AndroidManifest.xml:149:19-63
activity#userrefreedback.UserRefreedBack
ADDED from src\main\AndroidManifest.xml:151:9-152:20
	android:name
		ADDED from src\main\AndroidManifest.xml:151:19-65
activity#userrefreedback.ChatOnlineActivity
ADDED from src\main\AndroidManifest.xml:153:9-154:20
	android:name
		ADDED from src\main\AndroidManifest.xml:153:19-68
activity#userrefreedback.PostOfficeActivity
ADDED from src\main\AndroidManifest.xml:155:9-156:20
	android:name
		ADDED from src\main\AndroidManifest.xml:155:19-68
activity#userrefreedback.SendMessageActivity
ADDED from src\main\AndroidManifest.xml:157:9-158:20
	android:name
		ADDED from src\main\AndroidManifest.xml:157:19-69
activity#userrefreedback.SendMessageTextActivity
ADDED from src\main\AndroidManifest.xml:159:9-160:20
	android:name
		ADDED from src\main\AndroidManifest.xml:159:19-73
activity#add.Call
ADDED from src\main\AndroidManifest.xml:161:9-162:20
	android:name
		ADDED from src\main\AndroidManifest.xml:161:19-42
activity#add.SaoMa
ADDED from src\main\AndroidManifest.xml:163:9-164:20
	android:name
		ADDED from src\main\AndroidManifest.xml:163:19-43
activity#add.ExportData
ADDED from src\main\AndroidManifest.xml:165:9-166:20
	android:name
		ADDED from src\main\AndroidManifest.xml:165:19-48
activity#add.ImportData
ADDED from src\main\AndroidManifest.xml:167:9-168:20
	android:name
		ADDED from src\main\AndroidManifest.xml:167:19-48
activity#add.JiShiBen
ADDED from src\main\AndroidManifest.xml:169:9-170:20
	android:name
		ADDED from src\main\AndroidManifest.xml:169:19-46
activity#jishiben.ImportantNote
ADDED from src\main\AndroidManifest.xml:171:10-172:20
	android:name
		ADDED from src\main\AndroidManifest.xml:171:20-57
activity#jishiben.PictureActivity1
ADDED from src\main\AndroidManifest.xml:173:9-174:20
	android:name
		ADDED from src\main\AndroidManifest.xml:173:19-59
activity#jishiben.UnImNote
ADDED from src\main\AndroidManifest.xml:175:9-176:20
	android:name
		ADDED from src\main\AndroidManifest.xml:175:19-51
activity#jishiben.VideoActivity
ADDED from src\main\AndroidManifest.xml:177:9-178:20
	android:name
		ADDED from src\main\AndroidManifest.xml:177:19-56
activity#jishiben.PlayVideo
ADDED from src\main\AndroidManifest.xml:179:11-180:20
	android:name
		ADDED from src\main\AndroidManifest.xml:179:21-54
activity#jinrong.TouZiActivity
ADDED from src\main\AndroidManifest.xml:181:9-67
	android:name
		ADDED from src\main\AndroidManifest.xml:181:19-55
activity#jinrong.ChuXuActivity
ADDED from src\main\AndroidManifest.xml:182:9-67
	android:name
		ADDED from src\main\AndroidManifest.xml:182:19-55
activity#jinrong.GuPiaoActivity
ADDED from src\main\AndroidManifest.xml:183:9-68
	android:name
		ADDED from src\main\AndroidManifest.xml:183:19-56
activity#jinrong.BaoXianActivity
ADDED from src\main\AndroidManifest.xml:184:9-69
	android:name
		ADDED from src\main\AndroidManifest.xml:184:19-57
activity#jinrong.CaiPiaoActivity
ADDED from src\main\AndroidManifest.xml:185:9-69
	android:name
		ADDED from src\main\AndroidManifest.xml:185:19-57
activity#life.LifeMoney
ADDED from src\main\AndroidManifest.xml:186:9-60
	android:name
		ADDED from src\main\AndroidManifest.xml:186:19-48
activity#life.YiSheBao
ADDED from src\main\AndroidManifest.xml:187:9-59
	android:name
		ADDED from src\main\AndroidManifest.xml:187:19-47
activity#life.WuXian
ADDED from src\main\AndroidManifest.xml:188:9-57
	android:name
		ADDED from src\main\AndroidManifest.xml:188:19-45
activity#life.JiaoYu
ADDED from src\main\AndroidManifest.xml:189:9-57
	android:name
		ADDED from src\main\AndroidManifest.xml:189:19-45
activity#life.FangDai
ADDED from src\main\AndroidManifest.xml:190:9-58
	android:name
		ADDED from src\main\AndroidManifest.xml:190:19-46
activity#life.CheDai
ADDED from src\main\AndroidManifest.xml:191:10-58
	android:name
		ADDED from src\main\AndroidManifest.xml:191:20-46
activity#life.GongYi
ADDED from src\main\AndroidManifest.xml:192:9-57
	android:name
		ADDED from src\main\AndroidManifest.xml:192:19-45
activity#life.lifemoney.ChongZhi
ADDED from src\main\AndroidManifest.xml:193:9-69
	android:name
		ADDED from src\main\AndroidManifest.xml:193:19-57
activity#life.lifemoney.ChongZhiJiLu
ADDED from src\main\AndroidManifest.xml:194:10-74
	android:name
		ADDED from src\main\AndroidManifest.xml:194:20-62
activity#saoma.activity.CaptureActivity
ADDED from src\main\AndroidManifest.xml:195:8-201:20
	android:screenOrientation
		ADDED from src\main\AndroidManifest.xml:198:13-49
	android:windowSoftInputMode
		ADDED from src\main\AndroidManifest.xml:200:13-60
	android:configChanges
		ADDED from src\main\AndroidManifest.xml:196:13-63
	android:theme
		ADDED from src\main\AndroidManifest.xml:199:13-71
	android:name
		ADDED from src\main\AndroidManifest.xml:197:13-58
service#com.baidu.location.f
ADDED from src\main\AndroidManifest.xml:202:9-206:19
	android:process
		ADDED from src\main\AndroidManifest.xml:205:13-38
	android:enabled
		ADDED from src\main\AndroidManifest.xml:204:13-35
	android:name
		ADDED from src\main\AndroidManifest.xml:203:13-48
meta-data#com.baidu.lbsapi.API_KEY
ADDED from src\main\AndroidManifest.xml:208:9-210:64
	android:value
		ADDED from src\main\AndroidManifest.xml:210:13-61
	android:name
		ADDED from src\main\AndroidManifest.xml:209:13-52
uses-sdk
INJECTED from src\main\AndroidManifest.xml reason: use-sdk injection requested
INJECTED from src\main\AndroidManifest.xml
INJECTED from src\main\AndroidManifest.xml
INJECTED from src\main\AndroidManifest.xml
INJECTED from src\main\AndroidManifest.xml
	android:targetSdkVersion
		INJECTED from src\main\AndroidManifest.xml
		ADDED from src\main\AndroidManifest.xml
		INJECTED from src\main\AndroidManifest.xml
	android:minSdkVersion
		INJECTED from src\main\AndroidManifest.xml
		ADDED from src\main\AndroidManifest.xml
		INJECTED from src\main\AndroidManifest.xml